{"ts":1730918479928,"action":"PROJECT_OPENED","tags":{"PROJECT_NAME":"JevesOS"}}
{"ts":1730918489770,"action":"FILE_OPENED","file":"/pom.xml","tags":{"FILE_LINE_OF_CODE":"17"}}
{"ts":1730919941888,"action":"IDE_DEACTIVATED"}
{"ts":1730919941898,"action":"IDE_ACTIVATED"}
{"ts":1730919950629,"action":"IDE_DEACTIVATED"}
{"ts":1730919950651,"action":"IDE_ACTIVATED"}
{"ts":1730920122280,"action":"IDE_DEACTIVATED"}
{"ts":1730920252356,"action":"IDE_ACTIVATED"}
{"ts":1730920332259,"action":"IDE_DEACTIVATED"}
{"ts":1730920379336,"action":"IDE_ACTIVATED"}
{"ts":1730920399327,"action":"IDE_DEACTIVATED"}
{"ts":1730920505977,"action":"IDE_ACTIVATED"}
{"ts":1730920509030,"action":"IDE_DEACTIVATED"}
{"ts":1730920524197,"action":"IDE_ACTIVATED"}
{"ts":1730920542467,"action":"IDE_DEACTIVATED"}
{"ts":1730920544135,"action":"IDE_ACTIVATED"}
{"ts":1730920570487,"action":"IDE_DEACTIVATED"}
{"ts":1730920711986,"action":"IDE_ACTIVATED"}
{"ts":1730920843828,"action":"IDE_DEACTIVATED"}
{"ts":1730920988753,"action":"IDE_ACTIVATED"}
{"ts":1730921004316,"action":"IDE_DEACTIVATED"}
{"ts":1730921041884,"action":"IDE_ACTIVATED"}
{"ts":1730921476535,"action":"IDE_DEACTIVATED"}
{"ts":1730921476535,"action":"IDE_ACTIVATED"}
{"ts":1730921605058,"action":"IDE_DEACTIVATED"}
{"ts":1730921605070,"action":"IDE_ACTIVATED"}
{"ts":1730921668477,"action":"IDE_DEACTIVATED"}
{"ts":1730921668489,"action":"IDE_ACTIVATED"}
{"ts":1730921668509,"action":"FILE_CLOSED","file":"/pom.xml","tags":{"FILE_LINE_OF_CODE":"48"}}
{"ts":1730921668890,"action":"FILE_OPENED","file":"/src/main/asm/bootloader.asm","tags":{"FILE_LINE_OF_CODE":"17"}}
{"ts":1730921672885,"action":"IDE_DEACTIVATED"}
{"ts":1730921672913,"action":"IDE_ACTIVATED"}
{"ts":1730921683313,"action":"IDE_DEACTIVATED"}
{"ts":1730921683334,"action":"IDE_ACTIVATED"}
{"ts":1730921737589,"action":"IDE_DEACTIVATED"}
{"ts":1730921737591,"action":"IDE_ACTIVATED"}
{"ts":1730921861511,"action":"IDE_DEACTIVATED"}
{"ts":1730921861522,"action":"IDE_ACTIVATED"}
{"ts":1730921929226,"action":"FILE_CLOSED","file":"/src/main/asm/bootloader.asm","tags":{"FILE_LINE_OF_CODE":"17"}}
{"ts":1730921929226,"action":"FILE_OPENED","file":"/pom.xml","tags":{"FILE_LINE_OF_CODE":"48"}}
{"ts":1730922593791,"action":"IDE_DEACTIVATED"}
{"ts":1730922637207,"action":"IDE_ACTIVATED"}
{"ts":1730922647446,"action":"IDE_DEACTIVATED"}
{"ts":1730922682732,"action":"IDE_ACTIVATED"}
{"ts":1730922697845,"action":"IDE_DEACTIVATED"}
{"ts":1730922710243,"action":"IDE_ACTIVATED"}
{"ts":1730922869807,"action":"FILE_CLOSED","file":"/pom.xml","tags":{"FILE_LINE_OF_CODE":"72"}}
{"ts":1730922906910,"action":"IDE_DEACTIVATED"}
{"ts":1730922906950,"action":"IDE_ACTIVATED"}
{"ts":1730922911775,"action":"FILE_OPENED","file":"/pom.xml","tags":{"FILE_LINE_OF_CODE":"72"}}
{"ts":1730922915997,"action":"FILE_CLOSED","file":"/pom.xml","tags":{"FILE_LINE_OF_CODE":"72"}}
{"ts":1730922955411,"action":"IDE_DEACTIVATED"}
{"ts":1730922955412,"action":"IDE_ACTIVATED"}
{"ts":1730922958720,"action":"FILE_OPENED","file":"/pom.xml","tags":{"FILE_LINE_OF_CODE":"72"}}
{"ts":1730922973217,"action":"FILE_CLOSED","file":"/pom.xml","tags":{"FILE_LINE_OF_CODE":"72"}}
{"ts":1730922973268,"action":"FILE_OPENED","file":"/.gitignore","tags":{"FILE_LINE_OF_CODE":"38"}}
{"ts":1730922974199,"action":"FILE_CLOSED","file":"/.gitignore","tags":{"FILE_LINE_OF_CODE":"38"}}
{"ts":1730922989562,"action":"FILE_OPENED","file":"/pom.xml","tags":{"FILE_LINE_OF_CODE":"72"}}
